Using pre-set license
Built from '2020.3/staging' branch; Version is '2020.3.11f1 (99c7afb366b3) revision 10078127'; Using compiler version '192528614'; Build Type 'Release'
OS: 'Windows 10 Pro; OS build 19042.1110; Version 2009; 64bit' Language: 'en' Physical Memory: 32681 MB
BatchMode: 1, IsHumanControllingUs: 0, StartBugReporterOnCrash: 0, Is64bit: 1, IsPro: 0

 COMMAND LINE ARGUMENTS:
C:\Program Files\Unity\Hub\Editor\2020.3.11f1\Editor\Unity.exe
-adb2
-batchMode
-noUpm
-name
AssetImportWorker0
-projectPath
D:/Kraken/Around-The-World/VR Travel
-logFile
Logs/AssetImportWorker0.log
-srvPort
62870
Successfully changed project path to: D:/Kraken/Around-The-World/VR Travel
D:/Kraken/Around-The-World/VR Travel
Using Asset Import Pipeline V2.
Refreshing native plugins compatible for Editor in 39.38 ms, found 5 plugins.
Preloading 1 native plugins for Editor in 0.66 ms.
Initialize engine version: 2020.3.11f1 (99c7afb366b3)
[Subsystems] Discovering subsystems at path C:/Program Files/Unity/Hub/Editor/2020.3.11f1/Editor/Data/Resources/UnitySubsystems
[Subsystems] Discovering subsystems at path D:/Kraken/Around-The-World/VR Travel/Assets
GfxDevice: creating device client; threaded=0
Direct3D:
    Version:  Direct3D 11.0 [level 11.1]
    Renderer: NVIDIA GeForce RTX 2070 SUPER (ID=0x1e84)
    Vendor:   
    VRAM:     8011 MB
    Driver:   27.21.14.5671
Initialize mono
Mono path[0] = 'C:/Program Files/Unity/Hub/Editor/2020.3.11f1/Editor/Data/Managed'
Mono path[1] = 'C:/Program Files/Unity/Hub/Editor/2020.3.11f1/Editor/Data/MonoBleedingEdge/lib/mono/unityjit'
Mono config path = 'C:/Program Files/Unity/Hub/Editor/2020.3.11f1/Editor/Data/MonoBleedingEdge/etc'
Using monoOptions --debugger-agent=transport=dt_socket,embedding=1,server=y,suspend=n,address=127.0.0.1:56916
Begin MonoManager ReloadAssembly
Registering precompiled unity dll's ...
Register platform support module: C:/Program Files/Unity/Hub/Editor/2020.3.11f1/Editor/Data/PlaybackEngines/WindowsStandaloneSupport/UnityEditor.WindowsStandalone.Extensions.dll
Registered in 0.001259 seconds.
Native extension for WindowsStandalone target not found
Refreshing native plugins compatible for Editor in 37.13 ms, found 5 plugins.
Preloading 1 native plugins for Editor in 0.05 ms.
Mono: successfully reloaded assembly
- Completed reload, in  1.208 seconds
Platform modules already initialized, skipping
Registering precompiled user dll's ...
Registered in 0.002230 seconds.
Begin MonoManager ReloadAssembly
Native extension for WindowsStandalone target not found
Refreshing native plugins compatible for Editor in 36.98 ms, found 5 plugins.
Preloading 1 native plugins for Editor in 0.06 ms.
[XR] OculusXRPlugin: registering subsystems
[XR] Unable to register display lifecyle provider: [1]
[XR] Oculus Input lifecycle provider registered.
[XR] Unable to register input lifecyle provider: [1]
NullReferenceException: Object reference not set to an instance of an object
  at Unity.XR.Oculus.OculusLoader.AssetPathToAbsolutePath (System.String assetPath) [0x00048] in C:\Users\blbw6\Desktop\VR travel repo\VR-Travel\VR Travel\Library\PackageCache\com.unity.xr.oculus@1.9.1\Runtime\OculusLoader.cs:249 
  at Unity.XR.Oculus.OculusLoader.EditorLoadOVRPlugin () [0x0007b] in C:\Users\blbw6\Desktop\VR travel repo\VR-Travel\VR Travel\Library\PackageCache\com.unity.xr.oculus@1.9.1\Runtime\OculusLoader.cs:234 

(Filename: C:/Users/blbw6/Desktop/VR travel repo/VR-Travel/VR Travel/Library/PackageCache/com.unity.xr.oculus@1.9.1/Runtime/OculusLoader.cs Line: 249)

Mono: successfully reloaded assembly
- Completed reload, in  0.917 seconds
Platform modules already initialized, skipping
========================================================================
Worker process is ready to serve import requests
Launched and connected shader compiler UnityShaderCompiler.exe after 0.03 seconds
Refreshing native plugins compatible for Editor in 0.56 ms, found 5 plugins.
Preloading 1 native plugins for Editor in 8.84 ms.
Unloading 2506 Unused Serialized files (Serialized files now loaded: 0)
System memory in use before: 116.9 MB.
System memory in use after: 116.8 MB.

Unloading 36 unused Assets to reduce memory usage. Loaded Objects now: 2951.
Total: 2.256000 ms (FindLiveObjects: 0.239400 ms CreateObjectMapping: 0.078800 ms MarkObjects: 1.786700 ms  DeleteObjects: 0.150400 ms)

========================================================================
Received Import Request.
  path: ProjectSettings/TagManager.asset
  artifactKey: Guid(00000000000000003000000000000000) Importer(815301076,1909f56bfc062723c751e8b465ee728b)
Start importing ProjectSettings/TagManager.asset using Guid(00000000000000003000000000000000) Importer(815301076,1909f56bfc062723c751e8b465ee728b)  -> (artifact id: 'ce6a35c3cddc746e7501c0bd0ed6d4ce') in 0.024919 seconds
  Import took 0.027879 seconds .

========================================================================
Received Prepare
Registering precompiled user dll's ...
Registered in 0.002599 seconds.
Begin MonoManager ReloadAssembly
Native extension for WindowsStandalone target not found
Refreshing native plugins compatible for Editor in 0.68 ms, found 5 plugins.
Preloading 1 native plugins for Editor in 0.06 ms.
NullReferenceException: Object reference not set to an instance of an object
  at Unity.XR.Oculus.OculusLoader.AssetPathToAbsolutePath (System.String assetPath) [0x00048] in C:\Users\blbw6\Desktop\VR travel repo\VR-Travel\VR Travel\Library\PackageCache\com.unity.xr.oculus@1.9.1\Runtime\OculusLoader.cs:249 
  at Unity.XR.Oculus.OculusLoader.EditorLoadOVRPlugin () [0x0007b] in C:\Users\blbw6\Desktop\VR travel repo\VR-Travel\VR Travel\Library\PackageCache\com.unity.xr.oculus@1.9.1\Runtime\OculusLoader.cs:234 

(Filename: C:/Users/blbw6/Desktop/VR travel repo/VR-Travel/VR Travel/Library/PackageCache/com.unity.xr.oculus@1.9.1/Runtime/OculusLoader.cs Line: 249)

Mono: successfully reloaded assembly
- Completed reload, in  1.053 seconds
Platform modules already initialized, skipping
Switching build target platform(19) subTarget(0) extendedPlatform(0) -> platform(13) subTarget(524288) extendedPlatform(0)
Refreshing native plugins compatible for Editor in 0.61 ms, found 5 plugins.
Preloading 1 native plugins for Editor in 0.06 ms.
Unloading 2433 Unused Serialized files (Serialized files now loaded: 0)
System memory in use before: 109.9 MB.
System memory in use after: 109.8 MB.

Unloading 20 unused Assets to reduce memory usage. Loaded Objects now: 2956.
Total: 2.333200 ms (FindLiveObjects: 0.221200 ms CreateObjectMapping: 0.090200 ms MarkObjects: 1.874500 ms  DeleteObjects: 0.146400 ms)

AssetImportParameters requested are different than current active one (requested -> active):
  custom:graphics/normal-map-encoding: 01000000000000000000000000000000 -> 02000000000000000000000000000000
========================================================================
Received Prepare
Registering precompiled user dll's ...
Registered in 0.003426 seconds.
Begin MonoManager ReloadAssembly
Native extension for WindowsStandalone target not found
Refreshing native plugins compatible for Editor in 0.56 ms, found 5 plugins.
Preloading 1 native plugins for Editor in 0.06 ms.
NullReferenceException: Object reference not set to an instance of an object
  at Unity.XR.Oculus.OculusLoader.AssetPathToAbsolutePath (System.String assetPath) [0x00048] in C:\Users\blbw6\Desktop\VR travel repo\VR-Travel\VR Travel\Library\PackageCache\com.unity.xr.oculus@1.9.1\Runtime\OculusLoader.cs:249 
  at Unity.XR.Oculus.OculusLoader.EditorLoadOVRPlugin () [0x0007b] in C:\Users\blbw6\Desktop\VR travel repo\VR-Travel\VR Travel\Library\PackageCache\com.unity.xr.oculus@1.9.1\Runtime\OculusLoader.cs:234 

(Filename: C:/Users/blbw6/Desktop/VR travel repo/VR-Travel/VR Travel/Library/PackageCache/com.unity.xr.oculus@1.9.1/Runtime/OculusLoader.cs Line: 249)

Mono: successfully reloaded assembly
- Completed reload, in  0.882 seconds
Platform modules already initialized, skipping
Switching build target platform(19) subTarget(0) extendedPlatform(0) -> platform(13) subTarget(524288) extendedPlatform(0)
Refreshing native plugins compatible for Editor in 0.62 ms, found 5 plugins.
Preloading 1 native plugins for Editor in 0.06 ms.
Unloading 2433 Unused Serialized files (Serialized files now loaded: 0)
System memory in use before: 109.9 MB.
System memory in use after: 109.9 MB.

Unloading 19 unused Assets to reduce memory usage. Loaded Objects now: 2960.
Total: 2.020100 ms (FindLiveObjects: 0.200200 ms CreateObjectMapping: 0.057200 ms MarkObjects: 1.620000 ms  DeleteObjects: 0.142000 ms)

AssetImportParameters requested are different than current active one (requested -> active):
  custom:graphics/normal-map-encoding: 01000000000000000000000000000000 -> 02000000000000000000000000000000
========================================================================
Received Import Request.
  Time since last request: 329.429371 seconds.
  path: Assets/Shooting/Scripts
  artifactKey: Guid(17456d2558c73a44d947897ac1c2463b) Importer(815301076,1909f56bfc062723c751e8b465ee728b)
Start importing Assets/Shooting/Scripts using Guid(17456d2558c73a44d947897ac1c2463b) Importer(815301076,1909f56bfc062723c751e8b465ee728b)  -> (artifact id: '00c12edd7d11f838184e3e44d87b636b') in 0.007534 seconds
  Import took 0.011029 seconds .

========================================================================
Received Prepare
Registering precompiled user dll's ...
Registered in 0.002231 seconds.
Begin MonoManager ReloadAssembly
Native extension for WindowsStandalone target not found
Refreshing native plugins compatible for Editor in 0.58 ms, found 5 plugins.
Preloading 1 native plugins for Editor in 0.06 ms.
NullReferenceException: Object reference not set to an instance of an object
  at Unity.XR.Oculus.OculusLoader.AssetPathToAbsolutePath (System.String assetPath) [0x00048] in C:\Users\blbw6\Desktop\VR travel repo\VR-Travel\VR Travel\Library\PackageCache\com.unity.xr.oculus@1.9.1\Runtime\OculusLoader.cs:249 
  at Unity.XR.Oculus.OculusLoader.EditorLoadOVRPlugin () [0x0007b] in C:\Users\blbw6\Desktop\VR travel repo\VR-Travel\VR Travel\Library\PackageCache\com.unity.xr.oculus@1.9.1\Runtime\OculusLoader.cs:234 

(Filename: C:/Users/blbw6/Desktop/VR travel repo/VR-Travel/VR Travel/Library/PackageCache/com.unity.xr.oculus@1.9.1/Runtime/OculusLoader.cs Line: 249)

Mono: successfully reloaded assembly
- Completed reload, in  0.873 seconds
Platform modules already initialized, skipping
Switching build target platform(19) subTarget(0) extendedPlatform(0) -> platform(13) subTarget(524288) extendedPlatform(0)
Refreshing native plugins compatible for Editor in 0.60 ms, found 5 plugins.
Preloading 1 native plugins for Editor in 0.06 ms.
Unloading 2433 Unused Serialized files (Serialized files now loaded: 0)
System memory in use before: 110.0 MB.
System memory in use after: 109.9 MB.

Unloading 19 unused Assets to reduce memory usage. Loaded Objects now: 2964.
Total: 2.145000 ms (FindLiveObjects: 0.207300 ms CreateObjectMapping: 0.067400 ms MarkObjects: 1.754500 ms  DeleteObjects: 0.115200 ms)

AssetImportParameters requested are different than current active one (requested -> active):
  custom:graphics/normal-map-encoding: 01000000000000000000000000000000 -> 02000000000000000000000000000000
========================================================================
Received Prepare
Registering precompiled user dll's ...
Registered in 0.002394 seconds.
Begin MonoManager ReloadAssembly
Native extension for WindowsStandalone target not found
Refreshing native plugins compatible for Editor in 0.60 ms, found 5 plugins.
Preloading 1 native plugins for Editor in 0.06 ms.
NullReferenceException: Object reference not set to an instance of an object
  at Unity.XR.Oculus.OculusLoader.AssetPathToAbsolutePath (System.String assetPath) [0x00048] in C:\Users\blbw6\Desktop\VR travel repo\VR-Travel\VR Travel\Library\PackageCache\com.unity.xr.oculus@1.9.1\Runtime\OculusLoader.cs:249 
  at Unity.XR.Oculus.OculusLoader.EditorLoadOVRPlugin () [0x0007b] in C:\Users\blbw6\Desktop\VR travel repo\VR-Travel\VR Travel\Library\PackageCache\com.unity.xr.oculus@1.9.1\Runtime\OculusLoader.cs:234 

(Filename: C:/Users/blbw6/Desktop/VR travel repo/VR-Travel/VR Travel/Library/PackageCache/com.unity.xr.oculus@1.9.1/Runtime/OculusLoader.cs Line: 249)

Mono: successfully reloaded assembly
- Completed reload, in  0.910 seconds
Platform modules already initialized, skipping
Switching build target platform(19) subTarget(0) extendedPlatform(0) -> platform(13) subTarget(524288) extendedPlatform(0)
Refreshing native plugins compatible for Editor in 0.62 ms, found 5 plugins.
Preloading 1 native plugins for Editor in 0.06 ms.
Unloading 2433 Unused Serialized files (Serialized files now loaded: 0)
System memory in use before: 110.0 MB.
System memory in use after: 109.9 MB.

Unloading 19 unused Assets to reduce memory usage. Loaded Objects now: 2968.
Total: 2.353600 ms (FindLiveObjects: 0.229400 ms CreateObjectMapping: 0.083100 ms MarkObjects: 1.892600 ms  DeleteObjects: 0.147800 ms)

AssetImportParameters requested are different than current active one (requested -> active):
  custom:graphics/normal-map-encoding: 01000000000000000000000000000000 -> 02000000000000000000000000000000
========================================================================
Received Import Request.
  Time since last request: 11837.873702 seconds.
  path: Assets/Shooting/Scripts/XROffsetGrabInteractable(1).cs
  artifactKey: Guid(f5b3d76f6a61b814a9988c51d7ea889f) Importer(815301076,1909f56bfc062723c751e8b465ee728b)
Start importing Assets/Shooting/Scripts/XROffsetGrabInteractable(1).cs using Guid(f5b3d76f6a61b814a9988c51d7ea889f) Importer(815301076,1909f56bfc062723c751e8b465ee728b)  -> (artifact id: '47d9d8798a1e33940e7a08b4d6cb3f69') in 0.009659 seconds
  Import took 0.013613 seconds .

========================================================================
Received Import Request.
  Time since last request: 7.370604 seconds.
  path: Assets/Shooting/Scripts/XROffsetGrabInteractable.cs
  artifactKey: Guid(f5b3d76f6a61b814a9988c51d7ea889f) Importer(815301076,1909f56bfc062723c751e8b465ee728b)
Start importing Assets/Shooting/Scripts/XROffsetGrabInteractable.cs using Guid(f5b3d76f6a61b814a9988c51d7ea889f) Importer(815301076,1909f56bfc062723c751e8b465ee728b)  -> (artifact id: '652cdb352d32d6b6877c7b620b7f0d7c') in 0.004346 seconds
  Import took 0.007520 seconds .

========================================================================
Received Import Request.
  Time since last request: 37.795477 seconds.
  path: Assets/Shooting/Scripts/XROffsetGrabInteractable.cs
  artifactKey: Guid(f5b3d76f6a61b814a9988c51d7ea889f) Importer(815301076,1909f56bfc062723c751e8b465ee728b)
Start importing Assets/Shooting/Scripts/XROffsetGrabInteractable.cs using Guid(f5b3d76f6a61b814a9988c51d7ea889f) Importer(815301076,1909f56bfc062723c751e8b465ee728b)  -> (artifact id: 'e12608c7343511bcab779e05f476b857') in 0.001232 seconds
  Import took 0.004176 seconds .

========================================================================
Received Prepare
Registering precompiled user dll's ...
Registered in 0.677892 seconds.
Begin MonoManager ReloadAssembly
Native extension for WindowsStandalone target not found
Refreshing native plugins compatible for Editor in 0.58 ms, found 5 plugins.
Preloading 1 native plugins for Editor in 0.06 ms.
NullReferenceException: Object reference not set to an instance of an object
  at Unity.XR.Oculus.OculusLoader.AssetPathToAbsolutePath (System.String assetPath) [0x00048] in C:\Users\blbw6\Desktop\VR travel repo\VR-Travel\VR Travel\Library\PackageCache\com.unity.xr.oculus@1.9.1\Runtime\OculusLoader.cs:249 
  at Unity.XR.Oculus.OculusLoader.EditorLoadOVRPlugin () [0x0007b] in C:\Users\blbw6\Desktop\VR travel repo\VR-Travel\VR Travel\Library\PackageCache\com.unity.xr.oculus@1.9.1\Runtime\OculusLoader.cs:234 

(Filename: C:/Users/blbw6/Desktop/VR travel repo/VR-Travel/VR Travel/Library/PackageCache/com.unity.xr.oculus@1.9.1/Runtime/OculusLoader.cs Line: 249)

Mono: successfully reloaded assembly
- Completed reload, in  0.913 seconds
Platform modules already initialized, skipping
Switching build target platform(19) subTarget(0) extendedPlatform(0) -> platform(13) subTarget(524288) extendedPlatform(0)
Refreshing native plugins compatible for Editor in 0.58 ms, found 5 plugins.
Preloading 1 native plugins for Editor in 0.06 ms.
Unloading 2434 Unused Serialized files (Serialized files now loaded: 0)
System memory in use before: 109.9 MB.
System memory in use after: 109.9 MB.

Unloading 19 unused Assets to reduce memory usage. Loaded Objects now: 2973.
Total: 2.344900 ms (FindLiveObjects: 0.221300 ms CreateObjectMapping: 0.073200 ms MarkObjects: 1.895100 ms  DeleteObjects: 0.154400 ms)

AssetImportParameters requested are different than current active one (requested -> active):
  custom:graphics/normal-map-encoding: 01000000000000000000000000000000 -> 02000000000000000000000000000000
========================================================================
Received Prepare
Registering precompiled user dll's ...
Registered in 0.002402 seconds.
Begin MonoManager ReloadAssembly
Native extension for WindowsStandalone target not found
Refreshing native plugins compatible for Editor in 0.62 ms, found 5 plugins.
Preloading 1 native plugins for Editor in 0.07 ms.
NullReferenceException: Object reference not set to an instance of an object
  at Unity.XR.Oculus.OculusLoader.AssetPathToAbsolutePath (System.String assetPath) [0x00048] in C:\Users\blbw6\Desktop\VR travel repo\VR-Travel\VR Travel\Library\PackageCache\com.unity.xr.oculus@1.9.1\Runtime\OculusLoader.cs:249 
  at Unity.XR.Oculus.OculusLoader.EditorLoadOVRPlugin () [0x0007b] in C:\Users\blbw6\Desktop\VR travel repo\VR-Travel\VR Travel\Library\PackageCache\com.unity.xr.oculus@1.9.1\Runtime\OculusLoader.cs:234 

(Filename: C:/Users/blbw6/Desktop/VR travel repo/VR-Travel/VR Travel/Library/PackageCache/com.unity.xr.oculus@1.9.1/Runtime/OculusLoader.cs Line: 249)

Mono: successfully reloaded assembly
- Completed reload, in  0.866 seconds
Platform modules already initialized, skipping
Switching build target platform(19) subTarget(0) extendedPlatform(0) -> platform(13) subTarget(524288) extendedPlatform(0)
Refreshing native plugins compatible for Editor in 0.52 ms, found 5 plugins.
Preloading 1 native plugins for Editor in 0.05 ms.
Unloading 2434 Unused Serialized files (Serialized files now loaded: 0)
System memory in use before: 110.0 MB.
System memory in use after: 110.0 MB.

Unloading 19 unused Assets to reduce memory usage. Loaded Objects now: 2977.
Total: 2.136100 ms (FindLiveObjects: 0.205500 ms CreateObjectMapping: 0.072400 ms MarkObjects: 1.743400 ms  DeleteObjects: 0.114000 ms)

AssetImportParameters requested are different than current active one (requested -> active):
  custom:graphics/normal-map-encoding: 01000000000000000000000000000000 -> 02000000000000000000000000000000
========================================================================
Received Prepare
Registering precompiled user dll's ...
Registered in 0.002217 seconds.
Begin MonoManager ReloadAssembly
Native extension for WindowsStandalone target not found
Refreshing native plugins compatible for Editor in 0.57 ms, found 5 plugins.
Preloading 1 native plugins for Editor in 0.06 ms.
NullReferenceException: Object reference not set to an instance of an object
  at Unity.XR.Oculus.OculusLoader.AssetPathToAbsolutePath (System.String assetPath) [0x00048] in C:\Users\blbw6\Desktop\VR travel repo\VR-Travel\VR Travel\Library\PackageCache\com.unity.xr.oculus@1.9.1\Runtime\OculusLoader.cs:249 
  at Unity.XR.Oculus.OculusLoader.EditorLoadOVRPlugin () [0x0007b] in C:\Users\blbw6\Desktop\VR travel repo\VR-Travel\VR Travel\Library\PackageCache\com.unity.xr.oculus@1.9.1\Runtime\OculusLoader.cs:234 

(Filename: C:/Users/blbw6/Desktop/VR travel repo/VR-Travel/VR Travel/Library/PackageCache/com.unity.xr.oculus@1.9.1/Runtime/OculusLoader.cs Line: 249)

Mono: successfully reloaded assembly
- Completed reload, in  0.909 seconds
Platform modules already initialized, skipping
Switching build target platform(19) subTarget(0) extendedPlatform(0) -> platform(13) subTarget(524288) extendedPlatform(0)
Refreshing native plugins compatible for Editor in 0.64 ms, found 5 plugins.
Preloading 1 native plugins for Editor in 0.07 ms.
Unloading 2435 Unused Serialized files (Serialized files now loaded: 0)
System memory in use before: 110.1 MB.
System memory in use after: 110.0 MB.

Unloading 19 unused Assets to reduce memory usage. Loaded Objects now: 2982.
Total: 2.254500 ms (FindLiveObjects: 0.212400 ms CreateObjectMapping: 0.073600 ms MarkObjects: 1.834000 ms  DeleteObjects: 0.133900 ms)

AssetImportParameters requested are different than current active one (requested -> active):
  custom:graphics/normal-map-encoding: 01000000000000000000000000000000 -> 02000000000000000000000000000000
========================================================================
Received Prepare
Registering precompiled user dll's ...
Registered in 0.002411 seconds.
Begin MonoManager ReloadAssembly
Native extension for WindowsStandalone target not found
Refreshing native plugins compatible for Editor in 0.59 ms, found 5 plugins.
Preloading 1 native plugins for Editor in 0.06 ms.
NullReferenceException: Object reference not set to an instance of an object
  at Unity.XR.Oculus.OculusLoader.AssetPathToAbsolutePath (System.String assetPath) [0x00048] in C:\Users\blbw6\Desktop\VR travel repo\VR-Travel\VR Travel\Library\PackageCache\com.unity.xr.oculus@1.9.1\Runtime\OculusLoader.cs:249 
  at Unity.XR.Oculus.OculusLoader.EditorLoadOVRPlugin () [0x0007b] in C:\Users\blbw6\Desktop\VR travel repo\VR-Travel\VR Travel\Library\PackageCache\com.unity.xr.oculus@1.9.1\Runtime\OculusLoader.cs:234 

(Filename: C:/Users/blbw6/Desktop/VR travel repo/VR-Travel/VR Travel/Library/PackageCache/com.unity.xr.oculus@1.9.1/Runtime/OculusLoader.cs Line: 249)

Mono: successfully reloaded assembly
- Completed reload, in  0.930 seconds
Platform modules already initialized, skipping
Switching build target platform(19) subTarget(0) extendedPlatform(0) -> platform(13) subTarget(524288) extendedPlatform(0)
Refreshing native plugins compatible for Editor in 0.69 ms, found 5 plugins.
Preloading 1 native plugins for Editor in 0.06 ms.
Unloading 2435 Unused Serialized files (Serialized files now loaded: 0)
System memory in use before: 110.1 MB.
System memory in use after: 110.0 MB.

Unloading 19 unused Assets to reduce memory usage. Loaded Objects now: 2986.
Total: 2.203700 ms (FindLiveObjects: 0.212400 ms CreateObjectMapping: 0.068400 ms MarkObjects: 1.781900 ms  DeleteObjects: 0.140200 ms)

AssetImportParameters requested are different than current active one (requested -> active):
  custom:graphics/normal-map-encoding: 01000000000000000000000000000000 -> 02000000000000000000000000000000
========================================================================
Received Prepare
Registering precompiled user dll's ...
Registered in 0.002265 seconds.
Begin MonoManager ReloadAssembly
Native extension for WindowsStandalone target not found
Refreshing native plugins compatible for Editor in 0.59 ms, found 5 plugins.
Preloading 1 native plugins for Editor in 0.06 ms.
NullReferenceException: Object reference not set to an instance of an object
  at Unity.XR.Oculus.OculusLoader.AssetPathToAbsolutePath (System.String assetPath) [0x00048] in C:\Users\blbw6\Desktop\VR travel repo\VR-Travel\VR Travel\Library\PackageCache\com.unity.xr.oculus@1.9.1\Runtime\OculusLoader.cs:249 
  at Unity.XR.Oculus.OculusLoader.EditorLoadOVRPlugin () [0x0007b] in C:\Users\blbw6\Desktop\VR travel repo\VR-Travel\VR Travel\Library\PackageCache\com.unity.xr.oculus@1.9.1\Runtime\OculusLoader.cs:234 

(Filename: C:/Users/blbw6/Desktop/VR travel repo/VR-Travel/VR Travel/Library/PackageCache/com.unity.xr.oculus@1.9.1/Runtime/OculusLoader.cs Line: 249)

Mono: successfully reloaded assembly
- Completed reload, in  0.883 seconds
Platform modules already initialized, skipping
Switching build target platform(19) subTarget(0) extendedPlatform(0) -> platform(13) subTarget(524288) extendedPlatform(0)
Refreshing native plugins compatible for Editor in 0.65 ms, found 5 plugins.
Preloading 1 native plugins for Editor in 0.07 ms.
Unloading 2435 Unused Serialized files (Serialized files now loaded: 0)
System memory in use before: 110.1 MB.
System memory in use after: 110.0 MB.

Unloading 19 unused Assets to reduce memory usage. Loaded Objects now: 2990.
Total: 2.262900 ms (FindLiveObjects: 0.255600 ms CreateObjectMapping: 0.061200 ms MarkObjects: 1.792100 ms  DeleteObjects: 0.153300 ms)

AssetImportParameters requested are different than current active one (requested -> active):
  custom:graphics/normal-map-encoding: 01000000000000000000000000000000 -> 02000000000000000000000000000000
========================================================================
Received Prepare
Registering precompiled user dll's ...
Registered in 0.002317 seconds.
Begin MonoManager ReloadAssembly
Native extension for WindowsStandalone target not found
Refreshing native plugins compatible for Editor in 0.58 ms, found 5 plugins.
Preloading 1 native plugins for Editor in 0.07 ms.
NullReferenceException: Object reference not set to an instance of an object
  at Unity.XR.Oculus.OculusLoader.AssetPathToAbsolutePath (System.String assetPath) [0x00048] in C:\Users\blbw6\Desktop\VR travel repo\VR-Travel\VR Travel\Library\PackageCache\com.unity.xr.oculus@1.9.1\Runtime\OculusLoader.cs:249 
  at Unity.XR.Oculus.OculusLoader.EditorLoadOVRPlugin () [0x0007b] in C:\Users\blbw6\Desktop\VR travel repo\VR-Travel\VR Travel\Library\PackageCache\com.unity.xr.oculus@1.9.1\Runtime\OculusLoader.cs:234 

(Filename: C:/Users/blbw6/Desktop/VR travel repo/VR-Travel/VR Travel/Library/PackageCache/com.unity.xr.oculus@1.9.1/Runtime/OculusLoader.cs Line: 249)

Mono: successfully reloaded assembly
- Completed reload, in  0.921 seconds
Platform modules already initialized, skipping
Switching build target platform(19) subTarget(0) extendedPlatform(0) -> platform(13) subTarget(524288) extendedPlatform(0)
Refreshing native plugins compatible for Editor in 0.62 ms, found 5 plugins.
Preloading 1 native plugins for Editor in 0.06 ms.
Unloading 2435 Unused Serialized files (Serialized files now loaded: 0)
System memory in use before: 110.1 MB.
System memory in use after: 110.1 MB.

Unloading 19 unused Assets to reduce memory usage. Loaded Objects now: 2994.
Total: 2.283600 ms (FindLiveObjects: 0.215800 ms CreateObjectMapping: 0.071900 ms MarkObjects: 1.852000 ms  DeleteObjects: 0.143000 ms)

AssetImportParameters requested are different than current active one (requested -> active):
  custom:graphics/normal-map-encoding: 01000000000000000000000000000000 -> 02000000000000000000000000000000
========================================================================
Received Prepare
Registering precompiled user dll's ...
Registered in 0.002452 seconds.
Begin MonoManager ReloadAssembly
Native extension for WindowsStandalone target not found
Refreshing native plugins compatible for Editor in 0.62 ms, found 5 plugins.
Preloading 1 native plugins for Editor in 0.06 ms.
NullReferenceException: Object reference not set to an instance of an object
  at Unity.XR.Oculus.OculusLoader.AssetPathToAbsolutePath (System.String assetPath) [0x00048] in C:\Users\blbw6\Desktop\VR travel repo\VR-Travel\VR Travel\Library\PackageCache\com.unity.xr.oculus@1.9.1\Runtime\OculusLoader.cs:249 
  at Unity.XR.Oculus.OculusLoader.EditorLoadOVRPlugin () [0x0007b] in C:\Users\blbw6\Desktop\VR travel repo\VR-Travel\VR Travel\Library\PackageCache\com.unity.xr.oculus@1.9.1\Runtime\OculusLoader.cs:234 

(Filename: C:/Users/blbw6/Desktop/VR travel repo/VR-Travel/VR Travel/Library/PackageCache/com.unity.xr.oculus@1.9.1/Runtime/OculusLoader.cs Line: 249)

Mono: successfully reloaded assembly
- Completed reload, in  0.946 seconds
Platform modules already initialized, skipping
Switching build target platform(19) subTarget(0) extendedPlatform(0) -> platform(13) subTarget(524288) extendedPlatform(0)
Refreshing native plugins compatible for Editor in 0.73 ms, found 5 plugins.
Preloading 1 native plugins for Editor in 0.06 ms.
Unloading 2436 Unused Serialized files (Serialized files now loaded: 0)
System memory in use before: 110.1 MB.
System memory in use after: 110.1 MB.

Unloading 19 unused Assets to reduce memory usage. Loaded Objects now: 2999.
Total: 2.361000 ms (FindLiveObjects: 0.229600 ms CreateObjectMapping: 0.078700 ms MarkObjects: 1.895500 ms  DeleteObjects: 0.156600 ms)

AssetImportParameters requested are different than current active one (requested -> active):
  custom:graphics/normal-map-encoding: 01000000000000000000000000000000 -> 02000000000000000000000000000000
========================================================================
Received Prepare
Registering precompiled user dll's ...
Registered in 0.003240 seconds.
Begin MonoManager ReloadAssembly
Native extension for WindowsStandalone target not found
Refreshing native plugins compatible for Editor in 0.60 ms, found 5 plugins.
Preloading 1 native plugins for Editor in 0.07 ms.
NullReferenceException: Object reference not set to an instance of an object
  at Unity.XR.Oculus.OculusLoader.AssetPathToAbsolutePath (System.String assetPath) [0x00048] in C:\Users\blbw6\Desktop\VR travel repo\VR-Travel\VR Travel\Library\PackageCache\com.unity.xr.oculus@1.9.1\Runtime\OculusLoader.cs:249 
  at Unity.XR.Oculus.OculusLoader.EditorLoadOVRPlugin () [0x0007b] in C:\Users\blbw6\Desktop\VR travel repo\VR-Travel\VR Travel\Library\PackageCache\com.unity.xr.oculus@1.9.1\Runtime\OculusLoader.cs:234 

(Filename: C:/Users/blbw6/Desktop/VR travel repo/VR-Travel/VR Travel/Library/PackageCache/com.unity.xr.oculus@1.9.1/Runtime/OculusLoader.cs Line: 249)

Mono: successfully reloaded assembly
- Completed reload, in  0.940 seconds
Platform modules already initialized, skipping
Switching build target platform(19) subTarget(0) extendedPlatform(0) -> platform(13) subTarget(524288) extendedPlatform(0)
Refreshing native plugins compatible for Editor in 0.58 ms, found 5 plugins.
Preloading 1 native plugins for Editor in 0.06 ms.
Unloading 2436 Unused Serialized files (Serialized files now loaded: 0)
System memory in use before: 110.2 MB.
System memory in use after: 110.1 MB.

Unloading 19 unused Assets to reduce memory usage. Loaded Objects now: 3003.
Total: 2.320000 ms (FindLiveObjects: 0.220100 ms CreateObjectMapping: 0.076300 ms MarkObjects: 1.867600 ms  DeleteObjects: 0.154800 ms)

AssetImportParameters requested are different than current active one (requested -> active):
  custom:graphics/normal-map-encoding: 01000000000000000000000000000000 -> 02000000000000000000000000000000
AssetImportWorkerClient::OnTransportError - code=2 error=End of file
