#
# There is insufficient memory for the Java Runtime Environment to continue.
# Native memory allocation (malloc) failed to allocate 288336 bytes for Chunk::new
# Possible reasons:
#   The system is out of physical RAM or swap space
#   In 32 bit mode, the process size limit was hit
# Possible solutions:
#   Reduce memory load on the system
#   Increase physical memory or swap space
#   Check if swap backing store is full
#   Use 64 bit Java on a 64 bit OS
#   Decrease Java heap size (-Xmx/-Xms)
#   Decrease number of Java threads
#   Decrease Java thread stack sizes (-Xss)
#   Set larger code cache with -XX:ReservedCodeCacheSize=
# This output file may be truncated or incomplete.
#
#  Out of Memory Error (allocation.cpp:390), pid=21168, tid=0x0000000000003f64
#
# JRE version: OpenJDK Runtime Environment (8.0) (build 1.8.0-adoptopenjdk-_2018_05_19_00_59-b00)
# Java VM: OpenJDK 64-Bit Server VM (25.71-b00 mixed mode windows-amd64 compressed oops)
# Failed to write core dump. Minidumps are not enabled by default on client versions of Windows
#

---------------  T H R E A D  ---------------

Current thread (0x000000001e493000):  JavaThread "C2 CompilerThread0" daemon [_thread_in_native, id=16228, stack(0x000000001faf0000,0x000000001fbf0000)]

Stack: [0x000000001faf0000,0x000000001fbf0000]
[error occurred during error reporting (printing stack bounds), id 0xc0000005]

Native frames: (J=compiled Java code, j=interpreted, Vv=VM code, C=native code)


Current CompileTask:
C2:    242  471   !   4       sun.misc.URLClassPath$JarLoader::getResource (85 bytes)


---------------  P R O C E S S  ---------------

Java Threads: ( => current thread )
  0x000000001e525800 JavaThread "Service Thread" daemon [_thread_blocked, id=21696, stack(0x000000001fef0000,0x000000001fff0000)]
  0x000000001e4a3800 JavaThread "C1 CompilerThread3" daemon [_thread_in_native, id=21336, stack(0x000000001fdf0000,0x000000001fef0000)]
  0x000000001e49e800 JavaThread "C2 CompilerThread2" daemon [_thread_blocked, id=9288, stack(0x000000001fcf0000,0x000000001fdf0000)]
  0x000000001e49a800 JavaThread "C2 CompilerThread1" daemon [_thread_blocked, id=21120, stack(0x000000001fbf0000,0x000000001fcf0000)]
=>0x000000001e493000 JavaThread "C2 CompilerThread0" daemon [_thread_in_native, id=16228, stack(0x000000001faf0000,0x000000001fbf0000)]
  0x000000001e492000 JavaThread "Attach Listener" daemon [_thread_blocked, id=22060, stack(0x000000001f9f0000,0x000000001faf0000)]
  0x000000001cdad800 JavaThread "Signal Dispatcher" daemon [_thread_blocked, id=7680, stack(0x000000001f8f0000,0x000000001f9f0000)]
  0x000000001cda0800 JavaThread "Finalizer" daemon [_thread_blocked, id=21652, stack(0x000000001f6f0000,0x000000001f7f0000)]
  0x00000000030ee800 JavaThread "Reference Handler" daemon [_thread_blocked, id=9272, stack(0x000000001f5f0000,0x000000001f6f0000)]
  0x0000000002ff4800 JavaThread "main" [_thread_in_Java, id=22076, stack(0x0000000002ef0000,0x0000000002ff0000)]

Other Threads:
  0x000000001cd95000 VMThread [stack: 0x000000001f4f0000,0x000000001f5f0000] [id=22160]
  0x000000001e526000 WatcherThread [stack: 0x000000001fff0000,0x00000000200f0000] [id=13440]

VM state:not at safepoint (normal execution)

VM Mutex/Monitor currently owned by a thread: None

Heap:
 PSYoungGen      total 76288K, used 13114K [0x000000076b180000, 0x0000000770680000, 0x00000007c0000000)
  eden space 65536K, 20% used [0x000000076b180000,0x000000076be4ea60,0x000000076f180000)
  from space 10752K, 0% used [0x000000076fc00000,0x000000076fc00000,0x0000000770680000)
  to   space 10752K, 0% used [0x000000076f180000,0x000000076f180000,0x000000076fc00000)
 ParOldGen       total 175104K, used 0K [0x00000006c1400000, 0x00000006cbf00000, 0x000000076b180000)
  object space 175104K, 0% used [0x00000006c1400000,0x00000006c1400000,0x00000006cbf00000)
 Metaspace       used 7123K, capacity 7310K, committed 7680K, reserved 1056768K
  class space    used 845K, capacity 903K, committed 1024K, reserved 1048576K

Card table byte_map: [0x00000000124b0000,0x0000000012cb0000] byte_map_base: 0x000000000eea6000

Marking Bits: (ParMarkBitMap*) 0x000000007098be50
 Begin Bits: [0x0000000013c00000, 0x0000000017bb0000)
 End Bits:   [0x0000000017bb0000, 0x000000001bb60000)

Polling page: 0x0000000001590000

CodeCache: size=245760Kb used=2144Kb max_used=2150Kb free=243615Kb
 bounds [0x00000000030f0000, 0x0000000003360000, 0x00000000120f0000]
 total_blobs=834 nmethods=509 adapters=239
 compilation: enabled

Compilation events (10 events):
Event: 0.239 Thread 0x000000001e4a3800 nmethod 502 0x00000000032fa610 code [0x00000000032fa7c0, 0x00000000032fae28]
Event: 0.239 Thread 0x000000001e49e800  503       4       java.lang.AbstractStringBuilder::append (50 bytes)
Event: 0.239 Thread 0x000000001e4a3800  504       1       sun.nio.fs.WindowsFileSystem::provider (5 bytes)
Event: 0.239 Thread 0x000000001e4a3800 nmethod 504 0x00000000032fa350 code [0x00000000032fa4a0, 0x00000000032fa5b0]
Event: 0.240 Thread 0x000000001e4a3800  505       3       sun.nio.fs.NativeBuffers::getNativeBufferFromCache (51 bytes)
Event: 0.240 Thread 0x000000001e4a3800 nmethod 505 0x0000000003305350 code [0x0000000003305500, 0x0000000003305b08]
Event: 0.240 Thread 0x000000001e4a3800  506       3       sun.nio.fs.NativeBuffer::setOwner (6 bytes)
Event: 0.240 Thread 0x000000001e4a3800 nmethod 506 0x00000000032fa010 code [0x00000000032fa160, 0x00000000032fa2d0]
Event: 0.240 Thread 0x000000001e4a3800  507       3       java.io.File::<init> (47 bytes)
Event: 0.240 Thread 0x000000001e4a3800 nmethod 507 0x0000000003305d50 code [0x0000000003305ee0, 0x0000000003306268]

GC Heap History (0 events):
No events

Deoptimization events (0 events):
No events

Classes redefined (0 events):
No events

Internal exceptions (10 events):
Event: 0.220 Thread 0x0000000002ff4800 Exception <a 'sun/nio/fs/WindowsException'> (0x000000076bc16520) thrown at [C:\Users\jenkins\workspace\openjdk8_build_x86-64_windows\openjdk\hotspot\src\share\vm\prims\jni.cpp, line 709]
Event: 0.221 Thread 0x0000000002ff4800 Exception <a 'sun/nio/fs/WindowsException'> (0x000000076bc17a78) thrown at [C:\Users\jenkins\workspace\openjdk8_build_x86-64_windows\openjdk\hotspot\src\share\vm\prims\jni.cpp, line 709]
Event: 0.221 Thread 0x0000000002ff4800 Exception <a 'sun/nio/fs/WindowsException'> (0x000000076bc18260) thrown at [C:\Users\jenkins\workspace\openjdk8_build_x86-64_windows\openjdk\hotspot\src\share\vm\prims\jni.cpp, line 709]
Event: 0.239 Thread 0x0000000002ff4800 Exception <a 'sun/nio/fs/WindowsException'> (0x000000076bd4c260) thrown at [C:\Users\jenkins\workspace\openjdk8_build_x86-64_windows\openjdk\hotspot\src\share\vm\prims\jni.cpp, line 709]
Event: 0.239 Thread 0x0000000002ff4800 Exception <a 'sun/nio/fs/WindowsException'> (0x000000076bd52f40) thrown at [C:\Users\jenkins\workspace\openjdk8_build_x86-64_windows\openjdk\hotspot\src\share\vm\prims\jni.cpp, line 709]
Event: 0.239 Thread 0x0000000002ff4800 Exception <a 'sun/nio/fs/WindowsException'> (0x000000076bd536d8) thrown at [C:\Users\jenkins\workspace\openjdk8_build_x86-64_windows\openjdk\hotspot\src\share\vm\prims\jni.cpp, line 709]
Event: 0.239 Thread 0x0000000002ff4800 Exception <a 'sun/nio/fs/WindowsException'> (0x000000076bd54088) thrown at [C:\Users\jenkins\workspace\openjdk8_build_x86-64_windows\openjdk\hotspot\src\share\vm\prims\jni.cpp, line 709]
Event: 0.239 Thread 0x0000000002ff4800 Exception <a 'sun/nio/fs/WindowsException'> (0x000000076bd54a90) thrown at [C:\Users\jenkins\workspace\openjdk8_build_x86-64_windows\openjdk\hotspot\src\share\vm\prims\jni.cpp, line 709]
Event: 0.239 Thread 0x0000000002ff4800 Exception <a 'sun/nio/fs/WindowsException'> (0x000000076bd551f8) thrown at [C:\Users\jenkins\workspace\openjdk8_build_x86-64_windows\openjdk\hotspot\src\share\vm\prims\jni.cpp, line 709]
Event: 0.239 Thread 0x0000000002ff4800 Exception <a 'sun/nio/fs/WindowsException'> (0x000000076bd55d40) thrown at [C:\Users\jenkins\workspace\openjdk8_build_x86-64_windows\openjdk\hotspot\src\share\vm\prims\jni.cpp, line 709]

Events (10 events):
Event: 0.238 loading class com/android/sdklib/repository/legacy/local/LocalBuildToolPkgInfo
Event: 0.238 loading class com/android/sdklib/repository/legacy/local/LocalBuildToolPkgInfo done
Event: 0.238 loading class com/android/sdklib/repository/legacy/descriptors/PkgDesc$Builder$1
Event: 0.238 loading class com/android/sdklib/repository/legacy/descriptors/PkgDesc$Builder$1 done
Event: 0.239 loading class com/google/common/collect/AbstractMapBasedMultimap$WrappedCollection$WrappedIterator
Event: 0.239 loading class com/google/common/collect/AbstractMapBasedMultimap$WrappedCollection$WrappedIterator done
Event: 0.241 loading class com/android/sdklib/AndroidVersionHelper
Event: 0.241 loading class com/android/sdklib/AndroidVersionHelper done
Event: 0.241 loading class com/android/sdklib/AndroidVersion
Event: 0.241 loading class com/android/sdklib/AndroidVersion done


Dynamic libraries:
0x00007ff639390000 - 0x00007ff6393c5000 	C:\Program Files\Unity\Hub\Editor\2020.3.11f1\Editor\Data\PlaybackEngines\AndroidPlayer\OpenJDK\bin\java.exe
0x00007ff947b50000 - 0x00007ff947d45000 	C:\WINDOWS\SYSTEM32\ntdll.dll
0x00007ff919570000 - 0x00007ff919583000 	C:\Program Files\AVAST Software\Avast\aswhook.dll
0x00007ff946460000 - 0x00007ff94651d000 	C:\WINDOWS\System32\KERNEL32.DLL
0x00007ff945640000 - 0x00007ff945909000 	C:\WINDOWS\System32\KERNELBASE.dll
0x00007ff9479c0000 - 0x00007ff947a6c000 	C:\WINDOWS\System32\ADVAPI32.dll
0x00007ff945e40000 - 0x00007ff945ede000 	C:\WINDOWS\System32\msvcrt.dll
0x00007ff947a70000 - 0x00007ff947b0b000 	C:\WINDOWS\System32\sechost.dll
0x00007ff946580000 - 0x00007ff9466aa000 	C:\WINDOWS\System32\RPCRT4.dll
0x00007ff945ca0000 - 0x00007ff945e40000 	C:\WINDOWS\System32\USER32.dll
0x00007ff945290000 - 0x00007ff9452b2000 	C:\WINDOWS\System32\win32u.dll
0x00007ff946430000 - 0x00007ff94645a000 	C:\WINDOWS\System32\GDI32.dll
0x00007ff945530000 - 0x00007ff94563b000 	C:\WINDOWS\System32\gdi32full.dll
0x00007ff945490000 - 0x00007ff94552d000 	C:\WINDOWS\System32\msvcp_win.dll
0x00007ff945910000 - 0x00007ff945a10000 	C:\WINDOWS\System32\ucrtbase.dll
0x00007ff937460000 - 0x00007ff9376fa000 	C:\WINDOWS\WinSxS\amd64_microsoft.windows.common-controls_6595b64144ccf1df_6.0.19041.1110_none_60b5254171f9507e\COMCTL32.dll
0x00007ff946870000 - 0x00007ff9468a0000 	C:\WINDOWS\System32\IMM32.DLL
0x0000000070a10000 - 0x0000000070ae2000 	C:\Program Files\Unity\Hub\Editor\2020.3.11f1\Editor\Data\PlaybackEngines\AndroidPlayer\OpenJDK\jre\bin\msvcr100.dll
0x00000000701c0000 - 0x0000000070a09000 	C:\Program Files\Unity\Hub\Editor\2020.3.11f1\Editor\Data\PlaybackEngines\AndroidPlayer\OpenJDK\jre\bin\server\jvm.dll
0x00007ff9479b0000 - 0x00007ff9479b8000 	C:\WINDOWS\System32\PSAPI.DLL
0x00007ff935ca0000 - 0x00007ff935ca9000 	C:\WINDOWS\SYSTEM32\WSOCK32.dll
0x00007ff9471e0000 - 0x00007ff94724b000 	C:\WINDOWS\System32\WS2_32.dll
0x00007ff937a90000 - 0x00007ff937ab7000 	C:\WINDOWS\SYSTEM32\WINMM.dll
0x00007ff93f9c0000 - 0x00007ff93f9ca000 	C:\WINDOWS\SYSTEM32\VERSION.dll
0x00007ff9111c0000 - 0x00007ff9111cf000 	C:\Program Files\Unity\Hub\Editor\2020.3.11f1\Editor\Data\PlaybackEngines\AndroidPlayer\OpenJDK\jre\bin\verify.dll
0x00007ff8bcb30000 - 0x00007ff8bcb59000 	C:\Program Files\Unity\Hub\Editor\2020.3.11f1\Editor\Data\PlaybackEngines\AndroidPlayer\OpenJDK\jre\bin\java.dll
0x00007ff8b5090000 - 0x00007ff8b50a6000 	C:\Program Files\Unity\Hub\Editor\2020.3.11f1\Editor\Data\PlaybackEngines\AndroidPlayer\OpenJDK\jre\bin\zip.dll
0x00007ff946990000 - 0x00007ff9470cf000 	C:\WINDOWS\System32\SHELL32.dll
0x00007ff942f90000 - 0x00007ff943721000 	C:\WINDOWS\SYSTEM32\windows.storage.dll
0x00007ff947650000 - 0x00007ff9479a5000 	C:\WINDOWS\System32\combase.dll
0x00007ff944d00000 - 0x00007ff944d2c000 	C:\WINDOWS\SYSTEM32\Wldp.dll
0x00007ff947520000 - 0x00007ff9475ce000 	C:\WINDOWS\System32\SHCORE.dll
0x00007ff9470d0000 - 0x00007ff947125000 	C:\WINDOWS\System32\shlwapi.dll
0x00007ff9451d0000 - 0x00007ff9451ef000 	C:\WINDOWS\SYSTEM32\profapi.dll
0x00007ff8a4cf0000 - 0x00007ff8a4d0a000 	C:\Program Files\Unity\Hub\Editor\2020.3.11f1\Editor\Data\PlaybackEngines\AndroidPlayer\OpenJDK\jre\bin\net.dll
0x00007ff944a60000 - 0x00007ff944aca000 	C:\WINDOWS\system32\mswsock.dll
0x00007ff8a1530000 - 0x00007ff8a1541000 	C:\Program Files\Unity\Hub\Editor\2020.3.11f1\Editor\Data\PlaybackEngines\AndroidPlayer\OpenJDK\jre\bin\nio.dll

VM Arguments:
jvm_args: -Dfile.encoding=UTF-8 -Dcom.android.sdklib.toolsdir=C:\Program Files\Unity\Hub\Editor\2020.3.11f1\Editor\Data\PlaybackEngines\AndroidPlayer\SDK\tools\bin\\.. 
java_command: com.android.sdklib.tool.sdkmanager.SdkManagerCli --list
java_class_path (initial): C:\Program Files\Unity\Hub\Editor\2020.3.11f1\Editor\Data\PlaybackEngines\AndroidPlayer\SDK\tools\bin\..\lib\dvlib-26.0.0-dev.jar;C:\Program Files\Unity\Hub\Editor\2020.3.11f1\Editor\Data\PlaybackEngines\AndroidPlayer\SDK\tools\bin\..\lib\jimfs-1.1.jar;C:\Program Files\Unity\Hub\Editor\2020.3.11f1\Editor\Data\PlaybackEngines\AndroidPlayer\SDK\tools\bin\..\lib\jsr305-1.3.9.jar;C:\Program Files\Unity\Hub\Editor\2020.3.11f1\Editor\Data\PlaybackEngines\AndroidPlayer\SDK\tools\bin\..\lib\repository-26.0.0-dev.jar;C:\Program Files\Unity\Hub\Editor\2020.3.11f1\Editor\Data\PlaybackEngines\AndroidPlayer\SDK\tools\bin\..\lib\j2objc-annotations-1.1.jar;C:\Program Files\Unity\Hub\Editor\2020.3.11f1\Editor\Data\PlaybackEngines\AndroidPlayer\SDK\tools\bin\..\lib\layoutlib-api-26.0.0-dev.jar;C:\Program Files\Unity\Hub\Editor\2020.3.11f1\Editor\Data\PlaybackEngines\AndroidPlayer\SDK\tools\bin\..\lib\gson-2.3.jar;C:\Program Files\Unity\Hub\Editor\2020.3.11f1\Editor\Data\PlaybackEngines\AndroidPlayer\SDK\tools\bin\..\lib\httpcore-4.2.5.jar;C:\Program Files\Unity\Hub\Editor\2020.3.11f1\Editor\Data\PlaybackEngines\AndroidPlayer\SDK\tools\bin\..\lib\commons-logging-1.1.1.jar;C:\Program Files\Unity\Hub\Editor\2020.3.11f1\Editor\Data\PlaybackEngines\AndroidPlayer\SDK\tools\bin\..\lib\commons-compress-1.12.jar;C:\Program Files\Unity\Hub\Editor\2020.3.11f1\Editor\Data\PlaybackEngines\AndroidPlayer\SDK\tools\bin\..\lib\annotations-26.0.0-dev.jar;C:\Program Files\Unity\Hub\Editor\2020.3.11f1\Editor\Data\PlaybackEngines\AndroidPlayer\SDK\tools\bin\..\lib\error_prone_annotations-2.0.18.jar;C:\Program Files\Unity\Hub\Editor\2020.3.11f1\Editor\Data\PlaybackEngines\AndroidPlayer\SDK\tools\bin\..\lib\animal-sniffer-annotations-1.14.jar;C:\Program Files\Unity\Hub\Editor\2020.3.11f1\Editor\Data\PlaybackEngines\AndroidPlayer\SDK\tools\bin\..\lib\httpclient-4.2.6.jar;C:\Program Files\Unity\Hub\Editor\2020.3.11f1\Editor\Data\PlaybackEngines\AndroidPlayer\SDK\tools\bin\..\lib
Launcher Type: SUN_STANDARD

Environment Variables:
JAVA_HOME=C:\Program Files\Unity\Hub\Editor\2020.3.11f1\Editor\Data\PlaybackEngines\AndroidPlayer\OpenJDK
JAVA_TOOL_OPTIONS=-Dfile.encoding=UTF-8
PATH=C:\Program Files\Oculus\Support\oculus-runtime;C:\Program Files (x86)\Common Files\Oracle\Java\javapath;C:\Windows\system32;C:\Windows;C:\Windows\System32\Wbem;C:\Windows\System32\WindowsPowerShell\v1.0\;C:\Windows\System32\OpenSSH\;C:\Program Files\NVIDIA Corporation\NVIDIA NvDLISR;C:\Program Files\dotnet\;C:\Program Files\nodejs\;C:\Program Files (x86)\NVIDIA Corporation\PhysX\Common;C:\WINDOWS\system32;C:\WINDOWS;C:\WINDOWS\System32\Wbem;C:\WINDOWS\System32\WindowsPowerShell\v1.0\;C:\WINDOWS\System32\OpenSSH\;C:\Program Files\Git LFS;C:\Program Files\Git\cmd;C:\Users\blbw6\AppData\Local\Microsoft\WindowsApps;C:\Users\blbw6\AppData\Roaming\npm;C:\Users\blbw6\AppData\Local\Programs\Microsoft VS Code\bin;C:\Users\blbw6\AppData\Local\gitkraken\bin
USERNAME=blbw6
OS=Windows_NT
PROCESSOR_IDENTIFIER=Intel64 Family 6 Model 158 Stepping 10, GenuineIntel



---------------  S Y S T E M  ---------------

OS: Windows 10.0 , 64 bit Build 19041 (10.0.19041.1023)

CPU:total 12 (initial active 12) (6 cores per cpu, 2 threads per core) family 6 model 158 stepping 10, cmov, cx8, fxsr, mmx, sse, sse2, sse3, ssse3, sse4.1, sse4.2, popcnt, avx, avx2, aes, clmul, erms, rtm, 3dnowpref, lzcnt, ht, tsc, tscinvbit, bmi1, bmi2, adx

Memory: 4k page, physical 16693684k(3967828k free), swap 16693684k(5284k free)

vm_info: OpenJDK 64-Bit Server VM (25.71-b00) for windows-amd64 JRE (1.8.0-adoptopenjdk-_2018_05_19_00_59-b00), built on May 19 2018 01:02:12 by "jenkins" with MS VC++ 10.0 (VS2010)

time: Thu Aug 05 20:18:13 2021
elapsed time: 0 seconds (0d 0h 0m 0s)

