#
# There is insufficient memory for the Java Runtime Environment to continue.
# Native memory allocation (malloc) failed to allocate 1048576 bytes for AllocateHeap
# Possible reasons:
#   The system is out of physical RAM or swap space
#   In 32 bit mode, the process size limit was hit
# Possible solutions:
#   Reduce memory load on the system
#   Increase physical memory or swap space
#   Check if swap backing store is full
#   Use 64 bit Java on a 64 bit OS
#   Decrease Java heap size (-Xmx/-Xms)
#   Decrease number of Java threads
#   Decrease Java thread stack sizes (-Xss)
#   Set larger code cache with -XX:ReservedCodeCacheSize=
# This output file may be truncated or incomplete.
#
#  Out of Memory Error (memory/allocation.inline.hpp:61), pid=4228, tid=0x0000000000000ea4
#
# JRE version:  (8.0) (build )
# Java VM: OpenJDK 64-Bit Server VM (25.71-b00 mixed mode windows-amd64 compressed oops)
# Failed to write core dump. Minidumps are not enabled by default on client versions of Windows
#

---------------  T H R E A D  ---------------

Current thread (0x0000000002154800):  JavaThread "Unknown thread" [_thread_in_vm, id=3748, stack(0x0000000002050000,0x0000000002150000)]

Stack: [0x0000000002050000,0x0000000002150000]
[error occurred during error reporting (printing stack bounds), id 0xc0000005]

Native frames: (J=compiled Java code, j=interpreted, Vv=VM code, C=native code)


---------------  P R O C E S S  ---------------

Java Threads: ( => current thread )

Other Threads:

=>0x0000000002154800 (exited) JavaThread "Unknown thread" [_thread_in_vm, id=3748, stack(0x0000000002050000,0x0000000002150000)]

VM state:not at safepoint (normal execution)

VM Mutex/Monitor currently owned by a thread: None

Heap:
 PSYoungGen      total 76288K, used 1310K [0x000000076b180000, 0x0000000770680000, 0x00000007c0000000)
  eden space 65536K, 2% used [0x000000076b180000,0x000000076b2c7af0,0x000000076f180000)
  from space 10752K, 0% used [0x000000076fc00000,0x000000076fc00000,0x0000000770680000)
  to   space 10752K, 0% used [0x000000076f180000,0x000000076f180000,0x000000076fc00000)
 ParOldGen       total 175104K, used 0K [0x00000006c1400000, 0x00000006cbf00000, 0x000000076b180000)
  object space 175104K, 0% used [0x00000006c1400000,0x00000006c1400000,0x00000006cbf00000)
 Metaspace       used 777K, capacity 4480K, committed 4480K, reserved 1056768K
  class space    used 74K, capacity 384K, committed 384K, reserved 1048576K

Card table byte_map: [0x0000000011610000,0x0000000011e10000] byte_map_base: 0x000000000e006000

Marking Bits: (ParMarkBitMap*) 0x000000007098be50
 Begin Bits: [0x0000000012d60000, 0x0000000016d10000)
 End Bits:   [0x0000000016d10000, 0x000000001acc0000)

Polling page: 0x0000000001fc0000

CodeCache: size=245760Kb used=328Kb max_used=328Kb free=245431Kb
 bounds [0x0000000002250000, 0x00000000024c0000, 0x0000000011250000]
 total_blobs=57 nmethods=0 adapters=38
 compilation: enabled

Compilation events (0 events):
No events

GC Heap History (0 events):
No events

Deoptimization events (0 events):
No events

Classes redefined (0 events):
No events

Internal exceptions (0 events):
No events

Events (10 events):
Event: 0.013 loading class java/lang/Short
Event: 0.013 loading class java/lang/Short done
Event: 0.013 loading class java/lang/Integer
Event: 0.013 loading class java/lang/Integer done
Event: 0.013 loading class java/lang/Long
Event: 0.013 loading class java/lang/Long done
Event: 0.014 loading class java/lang/NullPointerException
Event: 0.014 loading class java/lang/NullPointerException done
Event: 0.014 loading class java/lang/ArithmeticException
Event: 0.014 loading class java/lang/ArithmeticException done


Dynamic libraries:
0x00007ff639390000 - 0x00007ff6393c5000 	C:\Program Files\Unity\Hub\Editor\2020.3.11f1\Editor\Data\PlaybackEngines\AndroidPlayer\OpenJDK\bin\java.exe
0x00007ff947b50000 - 0x00007ff947d45000 	C:\WINDOWS\SYSTEM32\ntdll.dll
0x00007ff919570000 - 0x00007ff919583000 	C:\Program Files\AVAST Software\Avast\aswhook.dll
0x00007ff946460000 - 0x00007ff94651d000 	C:\WINDOWS\System32\KERNEL32.DLL
0x00007ff945640000 - 0x00007ff945909000 	C:\WINDOWS\System32\KERNELBASE.dll
0x00007ff9479c0000 - 0x00007ff947a6c000 	C:\WINDOWS\System32\ADVAPI32.dll
0x00007ff945e40000 - 0x00007ff945ede000 	C:\WINDOWS\System32\msvcrt.dll
0x00007ff947a70000 - 0x00007ff947b0b000 	C:\WINDOWS\System32\sechost.dll
0x00007ff946580000 - 0x00007ff9466aa000 	C:\WINDOWS\System32\RPCRT4.dll
0x00007ff945ca0000 - 0x00007ff945e40000 	C:\WINDOWS\System32\USER32.dll
0x00007ff945290000 - 0x00007ff9452b2000 	C:\WINDOWS\System32\win32u.dll
0x00007ff946430000 - 0x00007ff94645a000 	C:\WINDOWS\System32\GDI32.dll
0x00007ff945530000 - 0x00007ff94563b000 	C:\WINDOWS\System32\gdi32full.dll
0x00007ff945490000 - 0x00007ff94552d000 	C:\WINDOWS\System32\msvcp_win.dll
0x00007ff945910000 - 0x00007ff945a10000 	C:\WINDOWS\System32\ucrtbase.dll
0x00007ff937460000 - 0x00007ff9376fa000 	C:\WINDOWS\WinSxS\amd64_microsoft.windows.common-controls_6595b64144ccf1df_6.0.19041.1110_none_60b5254171f9507e\COMCTL32.dll
0x00007ff946870000 - 0x00007ff9468a0000 	C:\WINDOWS\System32\IMM32.DLL
0x0000000070a10000 - 0x0000000070ae2000 	C:\Program Files\Unity\Hub\Editor\2020.3.11f1\Editor\Data\PlaybackEngines\AndroidPlayer\OpenJDK\jre\bin\msvcr100.dll
0x00000000701c0000 - 0x0000000070a09000 	C:\Program Files\Unity\Hub\Editor\2020.3.11f1\Editor\Data\PlaybackEngines\AndroidPlayer\OpenJDK\jre\bin\server\jvm.dll
0x00007ff9479b0000 - 0x00007ff9479b8000 	C:\WINDOWS\System32\PSAPI.DLL
0x00007ff935ca0000 - 0x00007ff935ca9000 	C:\WINDOWS\SYSTEM32\WSOCK32.dll
0x00007ff9471e0000 - 0x00007ff94724b000 	C:\WINDOWS\System32\WS2_32.dll
0x00007ff937a90000 - 0x00007ff937ab7000 	C:\WINDOWS\SYSTEM32\WINMM.dll
0x00007ff93f9c0000 - 0x00007ff93f9ca000 	C:\WINDOWS\SYSTEM32\VERSION.dll
0x00007ff9111c0000 - 0x00007ff9111cf000 	C:\Program Files\Unity\Hub\Editor\2020.3.11f1\Editor\Data\PlaybackEngines\AndroidPlayer\OpenJDK\jre\bin\verify.dll
0x00007ff8bcb30000 - 0x00007ff8bcb59000 	C:\Program Files\Unity\Hub\Editor\2020.3.11f1\Editor\Data\PlaybackEngines\AndroidPlayer\OpenJDK\jre\bin\java.dll
0x00007ff8b5090000 - 0x00007ff8b50a6000 	C:\Program Files\Unity\Hub\Editor\2020.3.11f1\Editor\Data\PlaybackEngines\AndroidPlayer\OpenJDK\jre\bin\zip.dll

VM Arguments:
jvm_args: -Dfile.encoding=UTF-8 -Dcom.android.sdklib.toolsdir=C:\Program Files\Unity\Hub\Editor\2020.3.11f1\Editor\Data\PlaybackEngines\AndroidPlayer\SDK\tools\bin\\.. 
java_command: com.android.sdklib.tool.sdkmanager.SdkManagerCli --list
java_class_path (initial): C:\Program Files\Unity\Hub\Editor\2020.3.11f1\Editor\Data\PlaybackEngines\AndroidPlayer\SDK\tools\bin\..\lib\dvlib-26.0.0-dev.jar;C:\Program Files\Unity\Hub\Editor\2020.3.11f1\Editor\Data\PlaybackEngines\AndroidPlayer\SDK\tools\bin\..\lib\jimfs-1.1.jar;C:\Program Files\Unity\Hub\Editor\2020.3.11f1\Editor\Data\PlaybackEngines\AndroidPlayer\SDK\tools\bin\..\lib\jsr305-1.3.9.jar;C:\Program Files\Unity\Hub\Editor\2020.3.11f1\Editor\Data\PlaybackEngines\AndroidPlayer\SDK\tools\bin\..\lib\repository-26.0.0-dev.jar;C:\Program Files\Unity\Hub\Editor\2020.3.11f1\Editor\Data\PlaybackEngines\AndroidPlayer\SDK\tools\bin\..\lib\j2objc-annotations-1.1.jar;C:\Program Files\Unity\Hub\Editor\2020.3.11f1\Editor\Data\PlaybackEngines\AndroidPlayer\SDK\tools\bin\..\lib\layoutlib-api-26.0.0-dev.jar;C:\Program Files\Unity\Hub\Editor\2020.3.11f1\Editor\Data\PlaybackEngines\AndroidPlayer\SDK\tools\bin\..\lib\gson-2.3.jar;C:\Program Files\Unity\Hub\Editor\2020.3.11f1\Editor\Data\PlaybackEngines\AndroidPlayer\SDK\tools\bin\..\lib\httpcore-4.2.5.jar;C:\Program Files\Unity\Hub\Editor\2020.3.11f1\Editor\Data\PlaybackEngines\AndroidPlayer\SDK\tools\bin\..\lib\commons-logging-1.1.1.jar;C:\Program Files\Unity\Hub\Editor\2020.3.11f1\Editor\Data\PlaybackEngines\AndroidPlayer\SDK\tools\bin\..\lib\commons-compress-1.12.jar;C:\Program Files\Unity\Hub\Editor\2020.3.11f1\Editor\Data\PlaybackEngines\AndroidPlayer\SDK\tools\bin\..\lib\annotations-26.0.0-dev.jar;C:\Program Files\Unity\Hub\Editor\2020.3.11f1\Editor\Data\PlaybackEngines\AndroidPlayer\SDK\tools\bin\..\lib\error_prone_annotations-2.0.18.jar;C:\Program Files\Unity\Hub\Editor\2020.3.11f1\Editor\Data\PlaybackEngines\AndroidPlayer\SDK\tools\bin\..\lib\animal-sniffer-annotations-1.14.jar;C:\Program Files\Unity\Hub\Editor\2020.3.11f1\Editor\Data\PlaybackEngines\AndroidPlayer\SDK\tools\bin\..\lib\httpclient-4.2.6.jar;C:\Program Files\Unity\Hub\Editor\2020.3.11f1\Editor\Data\PlaybackEngines\AndroidPlayer\SDK\tools\bin\..\lib
Launcher Type: SUN_STANDARD

Environment Variables:
JAVA_HOME=C:\Program Files\Unity\Hub\Editor\2020.3.11f1\Editor\Data\PlaybackEngines\AndroidPlayer\OpenJDK
JAVA_TOOL_OPTIONS=-Dfile.encoding=UTF-8
PATH=C:\Program Files\Oculus\Support\oculus-runtime;C:\Program Files (x86)\Common Files\Oracle\Java\javapath;C:\Windows\system32;C:\Windows;C:\Windows\System32\Wbem;C:\Windows\System32\WindowsPowerShell\v1.0\;C:\Windows\System32\OpenSSH\;C:\Program Files\NVIDIA Corporation\NVIDIA NvDLISR;C:\Program Files\dotnet\;C:\Program Files\nodejs\;C:\Program Files (x86)\NVIDIA Corporation\PhysX\Common;C:\WINDOWS\system32;C:\WINDOWS;C:\WINDOWS\System32\Wbem;C:\WINDOWS\System32\WindowsPowerShell\v1.0\;C:\WINDOWS\System32\OpenSSH\;C:\Program Files\Git LFS;C:\Program Files\Git\cmd;C:\Users\blbw6\AppData\Local\Microsoft\WindowsApps;C:\Users\blbw6\AppData\Roaming\npm;C:\Users\blbw6\AppData\Local\Programs\Microsoft VS Code\bin;C:\Users\blbw6\AppData\Local\gitkraken\bin
USERNAME=blbw6
OS=Windows_NT
PROCESSOR_IDENTIFIER=Intel64 Family 6 Model 158 Stepping 10, GenuineIntel



---------------  S Y S T E M  ---------------

OS: Windows 10.0 , 64 bit Build 19041 (10.0.19041.1023)

CPU:total 12 (initial active 12) (6 cores per cpu, 2 threads per core) family 6 model 158 stepping 10, cmov, cx8, fxsr, mmx, sse, sse2, sse3, ssse3, sse4.1, sse4.2, popcnt, avx, avx2, aes, clmul, erms, rtm, 3dnowpref, lzcnt, ht, tsc, tscinvbit, bmi1, bmi2, adx

Memory: 4k page, physical 16693684k(3988740k free), swap 16693684k(5968k free)

vm_info: OpenJDK 64-Bit Server VM (25.71-b00) for windows-amd64 JRE (1.8.0-adoptopenjdk-_2018_05_19_00_59-b00), built on May 19 2018 01:02:12 by "jenkins" with MS VC++ 10.0 (VS2010)

time: Thu Aug 05 20:18:23 2021
elapsed time: 0 seconds (0d 0h 0m 0s)

